<?xml version="1.0" encoding="UTF-8"?>
<testng-results skipped="0" failed="1" ignored="0" total="2" passed="1">
  <reporter-output>
  </reporter-output>
  <suite name="Default suite" duration-ms="37514" started-at="2021-11-01T15:32:18 EDT" finished-at="2021-11-01T15:32:56 EDT">
    <groups>
    </groups>
    <test name="Default test" duration-ms="37514" started-at="2021-11-01T15:32:18 EDT" finished-at="2021-11-01T15:32:56 EDT">
      <class name="E2E.Infogix.HomePageTest">
        <test-method status="PASS" signature="initialize()[pri:0, instance:E2E.Infogix.HomePageTest@23fe1d71]" name="initialize" is-config="true" duration-ms="5669" started-at="2021-11-01T15:32:18 EDT" finished-at="2021-11-01T15:32:24 EDT">
          <reporter-output>
          </reporter-output>
        </test-method> <!-- initialize -->
        <test-method status="PASS" signature="contactForm(java.lang.String,java.lang.String,java.lang.String,java.lang.String,java.lang.String,java.lang.String,java.lang.String,java.lang.String)[pri:0, instance:E2E.Infogix.HomePageTest@23fe1d71]" name="contactForm" duration-ms="23558" started-at="2021-11-01T15:32:24 EDT" data-provider="getContactFormData" finished-at="2021-11-01T15:32:48 EDT">
          <params>
            <param index="0">
              <value>
                <![CDATA[Neha]]>
              </value>
            </param>
            <param index="1">
              <value>
                <![CDATA[Jamdade]]>
              </value>
            </param>
            <param index="2">
              <value>
                <![CDATA[Infogix HR]]>
              </value>
            </param>
            <param index="3">
              <value>
                <![CDATA[neha@gmail.com]]>
              </value>
            </param>
            <param index="4">
              <value>
                <![CDATA[United States]]>
              </value>
            </param>
            <param index="5">
              <value>
                <![CDATA[1234567890]]>
              </value>
            </param>
            <param index="6">
              <value>
                <![CDATA[This is a coding challenge for Test Automation position. Please disregard this message]]>
              </value>
            </param>
            <param index="7">
              <value>
                <![CDATA[Media & Communication]]>
              </value>
            </param>
          </params>
          <reporter-output>
          </reporter-output>
        </test-method> <!-- contactForm -->
        <test-method status="FAIL" signature="searchText(java.lang.String,java.lang.String,java.lang.String,java.lang.String)[pri:1, instance:E2E.Infogix.HomePageTest@23fe1d71]" name="searchText" duration-ms="6776" started-at="2021-11-01T15:32:48 EDT" data-provider="getSearchData" finished-at="2021-11-01T15:32:54 EDT">
          <params>
            <param index="0">
              <value>
                <![CDATA[govern]]>
              </value>
            </param>
            <param index="1">
              <value>
                <![CDATA[BUILDING DATA TRUST WITH STRATEGIC DATA GOVERNANCE]]>
              </value>
            </param>
            <param index="2">
              <value>
                <![CDATA[regulatory compliance]]>
              </value>
            </param>
            <param index="3">
              <value>
                <![CDATA[https://www.infogix.com/solutions/regulatory-compliance/]]>
              </value>
            </param>
          </params>
          <exception class="java.lang.AssertionError">
            <message>
              <![CDATA[expected [https://www.infogix.com/solutions/regulatory-compliance/] but found [https://www.infogix.com/building-data-trust-throughbuilding-successful-data-governance/]]]>
            </message>
            <full-stacktrace>
              <![CDATA[java.lang.AssertionError: expected [https://www.infogix.com/solutions/regulatory-compliance/] but found [https://www.infogix.com/building-data-trust-throughbuilding-successful-data-governance/]
at org.testng.Assert.fail(Assert.java:99)
at org.testng.Assert.failNotEquals(Assert.java:1037)
at org.testng.Assert.assertEqualsImpl(Assert.java:140)
at org.testng.Assert.assertEquals(Assert.java:122)
at org.testng.Assert.assertEquals(Assert.java:629)
at org.testng.Assert.assertEquals(Assert.java:639)
at com.infogix.pageObjects.RedirectPageObj.verifyLink(RedirectPageObj.java:17)
at E2E.Infogix.HomePageTest.searchText(HomePageTest.java:101)
at sun.reflect.NativeMethodAccessorImpl.invoke0(Native Method)
at sun.reflect.NativeMethodAccessorImpl.invoke(NativeMethodAccessorImpl.java:62)
at sun.reflect.DelegatingMethodAccessorImpl.invoke(DelegatingMethodAccessorImpl.java:43)
at java.lang.reflect.Method.invoke(Method.java:498)
at org.testng.internal.MethodInvocationHelper.invokeMethod(MethodInvocationHelper.java:133)
at org.testng.internal.TestInvoker.invokeMethod(TestInvoker.java:598)
at org.testng.internal.TestInvoker.invokeTestMethod(TestInvoker.java:173)
at org.testng.internal.MethodRunner.runInSequence(MethodRunner.java:46)
at org.testng.internal.TestInvoker$MethodInvocationAgent.invoke(TestInvoker.java:824)
at org.testng.internal.TestInvoker.invokeTestMethods(TestInvoker.java:146)
at org.testng.internal.TestMethodWorker.invokeTestMethods(TestMethodWorker.java:146)
at org.testng.internal.TestMethodWorker.run(TestMethodWorker.java:128)
at java.util.ArrayList.forEach(ArrayList.java:1259)
at org.testng.TestRunner.privateRun(TestRunner.java:794)
at org.testng.TestRunner.run(TestRunner.java:596)
at org.testng.SuiteRunner.runTest(SuiteRunner.java:377)
at org.testng.SuiteRunner.runSequentially(SuiteRunner.java:371)
at org.testng.SuiteRunner.privateRun(SuiteRunner.java:332)
at org.testng.SuiteRunner.run(SuiteRunner.java:276)
at org.testng.SuiteRunnerWorker.runSuite(SuiteRunnerWorker.java:53)
at org.testng.SuiteRunnerWorker.run(SuiteRunnerWorker.java:96)
at org.testng.TestNG.runSuitesSequentially(TestNG.java:1212)
at org.testng.TestNG.runSuitesLocally(TestNG.java:1134)
at org.testng.TestNG.runSuites(TestNG.java:1063)
at org.testng.TestNG.run(TestNG.java:1031)
at org.testng.remote.AbstractRemoteTestNG.run(AbstractRemoteTestNG.java:115)
at org.testng.remote.RemoteTestNG.initAndRun(RemoteTestNG.java:251)
at org.testng.remote.RemoteTestNG.main(RemoteTestNG.java:77)
]]>
            </full-stacktrace>
          </exception> <!-- java.lang.AssertionError -->
          <reporter-output>
          </reporter-output>
        </test-method> <!-- searchText -->
        <test-method status="PASS" signature="closeDriver()[pri:0, instance:E2E.Infogix.HomePageTest@23fe1d71]" name="closeDriver" is-config="true" duration-ms="149" started-at="2021-11-01T15:32:56 EDT" finished-at="2021-11-01T15:32:56 EDT">
          <reporter-output>
          </reporter-output>
        </test-method> <!-- closeDriver -->
      </class> <!-- E2E.Infogix.HomePageTest -->
    </test> <!-- Default test -->
  </suite> <!-- Default suite -->
</testng-results>
